<?xml version="1.0" encoding="UTF-8"?>
<testng-results skipped="0" failed="0" ignored="0" total="1" passed="1">
  <reporter-output>
  </reporter-output>
  <suite name="Default suite" duration-ms="19234" started-at="2018-12-09T15:04:33Z" finished-at="2018-12-09T15:04:52Z">
    <groups>
    </groups>
    <test name="Default test" duration-ms="19234" started-at="2018-12-09T15:04:33Z" finished-at="2018-12-09T15:04:52Z">
      <class name="webtest.Snapshot">
        <test-method status="PASS" signature="beforeTest()[pri:0, instance:webtest.Snapshot@6b9651f3]" name="beforeTest" duration-ms="19182" started-at="2018-12-09T20:34:33Z" finished-at="2018-12-09T20:34:52Z">
          <reporter-output>
          </reporter-output>
        </test-method> <!-- beforeTest -->
        <test-method status="PASS" signature="snapshot(org.testng.ITestResult)[pri:0, instance:webtest.Snapshot@6b9651f3]" name="snapshot" is-config="true" duration-ms="6" started-at="2018-12-09T20:34:52Z" finished-at="2018-12-09T20:34:52Z">
          <params>
            <param index="0">
              <value>
                <![CDATA[[TestResult name=beforeTest status=SUCCESS method=Snapshot.beforeTest()[pri:0, instance:webtest.Snapshot@6b9651f3] output={null}]]]>
              </value>
            </param>
          </params>
          <reporter-output>
          </reporter-output>
        </test-method> <!-- snapshot -->
        <test-method status="PASS" signature="afterTest()[pri:0, instance:webtest.Snapshot@6b9651f3]" name="afterTest" is-config="true" duration-ms="1" started-at="2018-12-09T20:34:52Z" finished-at="2018-12-09T20:34:52Z">
          <reporter-output>
          </reporter-output>
        </test-method> <!-- afterTest -->
      </class> <!-- webtest.Snapshot -->
    </test> <!-- Default test -->
  </suite> <!-- Default suite -->
</testng-results>
