<?xml version="1.0" encoding="UTF-8"?>
<testng-results skipped="0" failed="0" total="5" passed="5">
  <reporter-output>
  </reporter-output>
  <suite name="Default suite" duration-ms="14584" started-at="2018-10-20T06:55:27Z" finished-at="2018-10-20T06:55:42Z">
    <groups>
    </groups>
    <test name="Default test" duration-ms="14584" started-at="2018-10-20T06:55:27Z" finished-at="2018-10-20T06:55:42Z">
      <class name="codeTest.TestCalc">
        <test-method status="PASS" signature="add()[pri:0, instance:codeTest.TestCalc@5dfcfece]" name="add" duration-ms="15" started-at="2018-10-20T12:25:27Z" finished-at="2018-10-20T12:25:27Z">
          <reporter-output>
          </reporter-output>
        </test-method> <!-- add -->
        <test-method status="PASS" signature="mul()[pri:0, instance:codeTest.TestCalc@5dfcfece]" name="mul" duration-ms="16" started-at="2018-10-20T12:25:27Z" finished-at="2018-10-20T12:25:27Z">
          <reporter-output>
          </reporter-output>
        </test-method> <!-- mul -->
        <test-method status="PASS" signature="div()[pri:0, instance:codeTest.TestCalc@5dfcfece]" name="div" duration-ms="0" started-at="2018-10-20T12:25:27Z" finished-at="2018-10-20T12:25:27Z">
          <reporter-output>
          </reporter-output>
        </test-method> <!-- div -->
        <test-method status="PASS" signature="open()[pri:0, instance:codeTest.TestCalc@5dfcfece]" name="open" duration-ms="14523" started-at="2018-10-20T12:25:27Z" finished-at="2018-10-20T12:25:42Z">
          <reporter-output>
          </reporter-output>
        </test-method> <!-- open -->
        <test-method status="PASS" signature="sub()[pri:0, instance:codeTest.TestCalc@5dfcfece]" name="sub" duration-ms="5" started-at="2018-10-20T12:25:42Z" finished-at="2018-10-20T12:25:42Z">
          <reporter-output>
          </reporter-output>
        </test-method> <!-- sub -->
      </class> <!-- codeTest.TestCalc -->
    </test> <!-- Default test -->
  </suite> <!-- Default suite -->
</testng-results>
