<?xml version="1.0" encoding="UTF-8"?>
<!-- Generated by org.testng.reporters.JUnitXMLReporter -->
<testsuite hostname="intel" name="Default test" tests="5" failures="0" timestamp="20 Oct 2018 06:55:42 GMT" time="14.584" errors="0">
  <testcase name="add" time="0.015" classname="codeTest.TestCalc"/>
  <testcase name="div" time="0.0" classname="codeTest.TestCalc"/>
  <testcase name="mul" time="0.016" classname="codeTest.TestCalc"/>
  <testcase name="open" time="14.523" classname="codeTest.TestCalc"/>
  <testcase name="sub" time="0.005" classname="codeTest.TestCalc"/>
</testsuite> <!-- Default test -->
