<?xml version="1.0" encoding="UTF-8"?>
<!-- Generated by org.testng.reporters.JUnitXMLReporter -->
<testsuite hostname="intel" ignored="0" name="Test" tests="3" failures="1" timestamp="09 Oct 2018 16:28:26 GMT" time="0.071" errors="0">
  <testcase name="login_to_Gmail" time="0.012" classname="listeners_Package.Test_List"/>
  <testcase name="login_to_facebook" time="0.004" classname="listeners_Package.Test_List"/>
  <testcase name="method1_for_failed" time="0.008" classname="listeners_Package.Test_List">
    <failure type="java.lang.AssertionError" message="expected [expected] but found [actual]">
      <![CDATA[java.lang.AssertionError: expected [expected] but found [actual]at listeners_Package.Test_List.method1_for_failed(Test_List.java:28)... Removed 31 stack frames]]>
    </failure>
  </testcase> <!-- method1_for_failed -->
</testsuite> <!-- Test -->
